[2024-12-17 13:30:02] Starting Script
[2024-12-17 13:30:02] F.R.I.D.A.Y. - *For Real, I Do Assist You* - V 1.0.0
[2024-12-17 13:30:02] Good Afternoon, Boss!
[2024-12-17 13:30:02] Good Afternoon, Boss!
[2024-12-17 13:30:02] What can I do for you today?
[2024-12-17 13:30:02] Sourced functions file: /home/ajay/Projects/playground/FRIDAY-CLI-BASH-Assistant/scripts/my_functions.sh
[2024-12-17 13:30:07] User response: y
[2024-12-17 13:30:07] Displaying essentials
[2024-12-17 13:30:07] Listing available options
[2024-12-17 13:31:38] Starting Script
[2024-12-17 13:31:38] F.R.I.D.A.Y. - *For Real, I Do Assist You* - V 1.0.0
[2024-12-17 13:31:38] Good Afternoon, Boss!
[2024-12-17 13:31:38] Good Afternoon, Boss!
[2024-12-17 13:31:38] What can I do for you today?
[2024-12-17 13:31:38] Sourced functions file: /home/ajay/Projects/playground/FRIDAY-CLI-BASH-Assistant/scripts/my_functions.sh
[2024-12-17 13:32:17] User response: n
[2024-12-17 13:32:17] Essentials declined
[2024-12-17 13:32:17] Listing available options
[2024-12-17 13:32:19] Starting Script
[2024-12-17 13:32:19] F.R.I.D.A.Y. - *For Real, I Do Assist You* - V 1.0.0
[2024-12-17 13:32:19] Good Afternoon, Boss!
[2024-12-17 13:32:19] Good Afternoon, Boss!
[2024-12-17 13:32:19] What can I do for you today?
[2024-12-17 13:32:19] Sourced functions file: /home/ajay/Projects/playground/FRIDAY-CLI-BASH-Assistant/scripts/my_functions.sh
[2024-12-17 13:32:21] User response: y
[2024-12-17 13:32:21] Displaying essentials
[2024-12-17 13:32:21] Listing available options
[2024-12-17 13:33:21] Starting Script
[2024-12-17 13:33:21] F.R.I.D.A.Y. - *For Real, I Do Assist You* - V 1.0.0
[2024-12-17 13:33:21] Good Afternoon, Boss!
[2024-12-17 13:33:21] Good Afternoon, Boss!
[2024-12-17 13:33:21] What can I do for you today?
[2024-12-17 13:33:21] Sourced functions file: /home/ajay/Projects/playground/FRIDAY-CLI-BASH-Assistant/scripts/my_functions.sh
[2024-12-17 13:33:23] User response: Y
[2024-12-17 13:33:23] Displaying essentials
[2024-12-17 13:33:23] Listing available options
